**********************************************
	Mon Apr 28 17:37:15 2025
	Device Name: STM32F405xx/F407xx/F415xx/F417xx
**********************************************
	>>>>>> Reception Started <<<<<<

Data[204] = 57568
dacData[205] = 57552
dacData[206] = 57520
dacData[207] = 57472
dacData[208] = 57504
dacData[209] = 57584
dacData[210] = 7680
dacData[211] = 7456
dacData[212] = 7440
dacData[213] = 7456
dacData[214] = 7408
dacData[215] = 8384
dacData[216] = 7472
dacData[217] = 7408
dacData[218] = 7424
dacData[219] = 7424
dacData[220] = 7408
dacData[221] = 7440
dacData[222] = 57456
dacData[223] = 57504
dacData[224] = 57488
dacData[225] = 57568
dacData[226] = 57520
dacData[227] = 57664
dacData[228] = 57488
dacData[229] = 57504
dacData[230] = 57536
dacData[231] = 57536
dacData[232] = 57472
dacData[233] = 57536
dacData[234] = 7424
dacData[235] = 7392
dacData[236] = 7488
dacData[237] = 7456
dacData[238] = 7408
dacData[239] = 7408
dacData[240] = 7392
dacData[241] = 7456
dacData[242] = 7424
dacData[243] = 7440
dacData[244] = 7360
dacData[245] = 7296
dacData[246] = 57488
dacData[247] = 57552
dacData[248] = 57392
dacData[249] = 57424
dacData[250] = 57504
dacData[251] = 57488
dacData[252] = 7440
dacData[253] = 7376
dacData[254] = 7376
dacData[255] = 7392
dacData[0] = 57456
dacData[1] = 57488
dacData[2] = 57488
dacData[3] = 57312
dacData[4] = 57552
dacData[5] = 57392
dacData[6] = 57472
dacData[7] = 57456
dacData[8] = 57456
dacData[9] = 7392
dacData[10] = 7376
dacData[11] = 7120
dacData[12] = 7280
dacData[13] = 7376
dacData[14] = 7408
dacData[15] = 7376
dacData[16] = 7328
dacData[17] = 7328
dacData[18] = 7376
dacData[19] = 7344
dacData[20] = 7360
dacData[21] = 57456
dacData[22] = 57376
dacData[23] = 57520
dacData[24] = 57424
dacData[25] = 57456
dacData[26] = 57488
dacData[27] = 57456
dacData[28] = 57520
dacData[29] = 57392
dacData[30] = 57424
dacData[31] = 57440
dacData[32] = 57504
dacData[33] = 7568
dacData[34] = 7296
dacData[35] = 7360
dacData[36] = 7264
dacData[37] = 7440
dacData[38] = 7376
dacData[39] = 7296
dacData[40] = 7328
dacData[41] = 7376
dacData[42] = 7440
dacData[43] = 7392
dacData[44] = 7456
dacData[45] = 57504
dacData[46] = 57392
dacData[47] = 57472
dacData[48] = 57536
dacData[49] = 57488
dacData[50] = 57536
04
dacData[127] = 57520
dacData[128] = 7328
dacData[129] = 7344
dacData[130] = 7056
dacData[131] = 7424
dacData[132] = 7360
dacData[133] = 7360
dacData[134] = 7328
dacData[135] = 7712
dacData[136] = 57488
dacData[137] = 57392
dacData[138] = 57392
dacData[139] = 57472
dacData[140] = 57472
dacData[141] = 57520
dacData[142] = 57392
dacData[143] = 57488
dacData[144] = 57248
dacData[145] = 57504
dacData[146] = 57472
dacData[147] = 57424
dacData[148] = 7312
dacData[149] = 7344
dacData[150] = 7392
dacData[151] = 7312
dacData[152] = 6304
dacData[153] = 7344
dacData[154] = 7296
dacData[155] = 7408
dacData[156] = 7376
dacData[157] = 7312
dacData[158] = 7360
dacData[159] = 7344
dacData[160] = 57488
dacData[161] = 57456
dacData[162] = 57472
dacData[163] = 57472
dacData[164] = 57456
dacData[165] = 57488
dacData[166] = 57456
dacData[167] = 57456
dacData[168] = 57424
dacData[169] = 57568
dacData[170] = 57536
dacData[171] = 57456
dacData[172] = 7392
dacData[173] = 7392
dacData[174] = 7312
dacData[175] = 7376
dacData[176] = 7] = 57440
dacData[142] = 57424
dacData[143] = 57456
dacData[144] = 57488
dacData[145] = 57392
dacData[146] = 57488
dacData[147] = 57360
dacData[148] = 57488
dacData[149] = 57440
dacData[150] = 57376
dacData[151] = 7360
dacData[152] = 7328
dacData[153] = 7456
dacData[154] = 7392
dacData[155] = 7344
dacData[156] = 7360
dacData[157] = 7216
dacData[158] = 7424
dacData[159] = 7360
dacData[160] = 7360
dacData[161] = 7360
dacData[162] = 7264
dacData[163] = 57456
dacData[164] = 57488
dacData[165] = 57360
dacData[166] = 57456
dacData[167] = 57392
dacData[168] = 57504
dacData[169] = 57472
dacData[170] = 57504
dacData[171] = 57504
dacData[172] = 57408
dacData[173] = 57456
dacData[174] = 57360
dacData[175] = 7360
dacData[176] = 7344
dacData[177] = 7296
dacData[178] = 7440
dacData[179] = 7344
dacData[180] = 7360
dacData[181] = 7360
dacData[182] = 7360
dacData[183] = 7360
dacData[184] = 7312
dacData[185] = 7376
dacData[186] = 7280
dacData[187] = 57536
dacData[188] = 57536
dacData[189] = 57344
dacData[190] = 57488
dacData[dacData[149] = 57504
dacData[150] = 57424
dacData[151] = 57472
dacData[152] = 57376
dacData[153] = 57488
dacData[154] = 57488
dacData[155] = 57488
dacData[156] = 57472
dacData[157] = 57424
dacData[158] = 7360
dacData[159] = 7344
dacData[160] = 7344
dacData[161] = 7360
dacData[162] = 7360
dacData[163] = 7328
dacData[164] = 7344
dacData[165] = 7344
dacData[166] = 7296
dacData[167] = 7360
dacData[168] = 7376
dacData[169] = 7360
dacData[170] = 57456
dacData[171] = 57472
dacData[172] = 57488
dacData[173] = 57440
dacData[174] = 57360
dacData[175] = 57488
dacData[176] = 57488
dacData[177] = 57536
dacData[178] = 57488
dacData[179] = 57168
dacData[180] = 57440
dacData[181] = 57472
dacData[182] = 7392
dacData[183] = 7328
dacData[184] = 7328
dacData[185] = 7360
dacData[186] = 7392
dacData[187] = 7328
dacData[188] = 7344
dacData[189] = 7328
dacData[190] = 7344
dacData[191] = 7312
dacData[192] = 7344
dacData[193] = 7376
dacData[194] = 57520
dacData[195] = 57424
dacData[196] = 57504
dacData[197] = 57456
dacData[198] = 5745
	>>>>>> Reception Ended <<<<<<
**********************************************

**********************************************
	Wed Apr 30 00:57:00 2025
	Device Name: STM32F405xx/F407xx/F415xx/F417xx
**********************************************
	>>>>>> Reception Started <<<<<<


	>>>>>> Reception Ended <<<<<<
**********************************************

