2025-04-29 00:09:45,111 [WARN] IP:2250 - I2C_Coeff_DF not found: check if there is a RefParameter without a condition.
2025-04-29 00:09:45,131 [WARN] IP:2250 - Analog_Filter not found: check if there is a RefParameter without a condition.
2025-04-29 00:09:45,133 [WARN] IP:2250 - I2C_Coeff_DF not found: check if there is a RefParameter without a condition.
2025-04-29 00:09:45,133 [WARN] IP:2250 - Analog_Filter not found: check if there is a RefParameter without a condition.
2025-04-29 00:09:45,167 [WARN] IP:2250 - I2C_Coeff_DF not found: check if there is a RefParameter without a condition.
2025-04-29 00:09:45,167 [WARN] IP:2250 - Analog_Filter not found: check if there is a RefParameter without a condition.
2025-04-29 00:09:45,171 [WARN] IP:2250 - I2C_Coeff_DF not found: check if there is a RefParameter without a condition.
2025-04-29 00:09:45,171 [WARN] IP:2250 - Analog_Filter not found: check if there is a RefParameter without a condition.
2025-04-29 00:09:45,558 [INFO] I2sManager:658 - 5.0E7
2025-04-29 00:09:45,559 [INFO] I2sManager:195 - I2S Clock Value : 5.0E7
2025-04-29 00:09:45,572 [INFO] I2sManager:553 - AudioClock : 48828Divider : 2Odd : 0
2025-04-29 00:09:45,929 [INFO] I2sManager:658 - 5.0E7
2025-04-29 00:09:45,929 [INFO] I2sManager:195 - I2S Clock Value : 5.0E7
2025-04-29 00:09:45,931 [INFO] I2sManager:553 - AudioClock : 48828Divider : 2Odd : 0
2025-04-29 00:10:41,395 [WARN] IP:2250 - I2C_Coeff_DF not found: check if there is a RefParameter without a condition.
2025-04-29 00:10:41,399 [WARN] IP:2250 - Analog_Filter not found: check if there is a RefParameter without a condition.
2025-04-29 00:10:41,400 [WARN] IP:2250 - I2C_Coeff_DF not found: check if there is a RefParameter without a condition.
2025-04-29 00:10:41,400 [WARN] IP:2250 - Analog_Filter not found: check if there is a RefParameter without a condition.
2025-04-29 00:10:41,407 [WARN] IP:2250 - I2C_Coeff_DF not found: check if there is a RefParameter without a condition.
2025-04-29 00:10:41,407 [WARN] IP:2250 - Analog_Filter not found: check if there is a RefParameter without a condition.
2025-04-29 00:10:41,407 [WARN] IP:2250 - I2C_Coeff_DF not found: check if there is a RefParameter without a condition.
2025-04-29 00:10:41,408 [WARN] IP:2250 - Analog_Filter not found: check if there is a RefParameter without a condition.
2025-04-29 00:10:41,661 [INFO] I2sManager:658 - 5.0E7
2025-04-29 00:10:41,663 [INFO] I2sManager:195 - I2S Clock Value : 5.0E7
2025-04-29 00:10:41,664 [INFO] I2sManager:553 - AudioClock : 48828Divider : 2Odd : 0
2025-04-29 00:10:41,866 [INFO] I2sManager:658 - 5.0E7
2025-04-29 00:10:41,867 [INFO] I2sManager:195 - I2S Clock Value : 5.0E7
2025-04-29 00:10:41,869 [INFO] I2sManager:553 - AudioClock : 48828Divider : 2Odd : 0
2025-04-29 00:13:33,870 [INFO] NvicIntPanel:101 - NVIC parent = com.st.microxplorer.plugins.ip.nvic.MultiNvicIntPanel[,0,0,592x313,layout=javax.swing.BoxLayout,alignmentX=0.0,alignmentY=0.0,border=,flags=9,maximumSize=,minimumSize=,preferredSize=]
2025-04-29 00:15:17,155 [WARN] IP:2250 - I2C_Coeff_DF not found: check if there is a RefParameter without a condition.
2025-04-29 00:15:17,162 [WARN] IP:2250 - Analog_Filter not found: check if there is a RefParameter without a condition.
2025-04-29 00:15:20,408 [WARN] IP:2250 - I2C_Coeff_DF not found: check if there is a RefParameter without a condition.
2025-04-29 00:15:20,410 [WARN] IP:2250 - Analog_Filter not found: check if there is a RefParameter without a condition.
2025-04-29 00:15:42,999 [INFO] I2sManager:658 - 5.0E7
2025-04-29 00:15:43,006 [INFO] I2sManager:195 - I2S Clock Value : 5.0E7
2025-04-29 00:15:43,012 [INFO] I2sManager:553 - AudioClock : 48828Divider : 2Odd : 0
2025-04-29 00:16:47,894 [INFO] NvicIntPanel:101 - NVIC parent = com.st.microxplorer.plugins.ip.nvic.MultiNvicIntPanel[,0,0,450x288,layout=javax.swing.BoxLayout,alignmentX=0.0,alignmentY=0.0,border=,flags=9,maximumSize=,minimumSize=,preferredSize=]
2025-04-29 00:16:49,486 [INFO] NvicIntPanel:101 - NVIC parent = com.st.microxplorer.plugins.ip.nvic.MultiNvicIntPanel[,0,0,0x0,invalid,layout=javax.swing.BoxLayout,alignmentX=0.0,alignmentY=0.0,border=,flags=9,maximumSize=,minimumSize=,preferredSize=]
2025-04-29 00:16:59,206 [INFO] NvicIntPanel:101 - NVIC parent = com.st.microxplorer.plugins.ip.nvic.MultiNvicIntPanel[,0,0,0x0,invalid,layout=javax.swing.BoxLayout,alignmentX=0.0,alignmentY=0.0,border=,flags=9,maximumSize=,minimumSize=,preferredSize=]
2025-04-29 00:17:03,804 [INFO] NvicIntPanel:101 - NVIC parent = com.st.microxplorer.plugins.ip.nvic.MultiNvicIntPanel[,0,0,0x0,invalid,layout=javax.swing.BoxLayout,alignmentX=0.0,alignmentY=0.0,border=,flags=9,maximumSize=,minimumSize=,preferredSize=]
2025-04-29 00:17:05,601 [INFO] UtilMem:75 - End SaveConfig() Used Memory: 917096624 Bytes (985661440)
2025-04-29 00:17:06,466 [INFO] UtilMem:75 - End SaveConfig() Used Memory: 378866528 Bytes (985661440)
2025-04-29 00:17:08,429 [INFO] UtilMem:75 - End SaveConfig() Used Memory: 499975008 Bytes (985661440)
2025-04-29 00:17:10,005 [INFO] BlockDiagram:2775 - set Specific Code input for plugin: SPI
2025-04-29 00:17:10,015 [INFO] BlockDiagram:2775 - set Specific Code input for plugin: TIM1_8
2025-04-29 00:17:10,019 [INFO] BlockDiagram:2775 - set Specific Code input for plugin: I2S
2025-04-29 00:17:10,020 [INFO] BlockDiagram:2775 - set Specific Code input for plugin: SYS
2025-04-29 00:17:10,020 [INFO] BlockDiagram:2775 - set Specific Code input for plugin: ADC
2025-04-29 00:17:10,020 [INFO] BlockDiagram:2775 - set Specific Code input for plugin: RCC
2025-04-29 00:17:10,020 [INFO] BlockDiagram:2775 - set Specific Code input for plugin: I2C
2025-04-29 00:17:10,020 [INFO] BlockDiagram:2775 - set Specific Code input for plugin: I2C
2025-04-29 00:17:10,020 [INFO] BlockDiagram:2775 - set Specific Code input for plugin: USB_OTG_FS
2025-04-29 00:17:10,020 [INFO] BlockDiagram:2775 - set Specific Code input for plugin: NVIC
2025-04-29 00:17:10,020 [INFO] BlockDiagram:2775 - set Specific Code input for plugin: USART
2025-04-29 00:17:10,020 [INFO] BlockDiagram:2775 - set Specific Code input for plugin: DMA
2025-04-29 00:17:10,021 [INFO] BlockDiagram:2775 - set Specific Code input for plugin: GPIO
2025-04-29 00:17:10,026 [INFO] CodeGenerator:882 - code generatio: config db path: /Users/juno/.stm32cubemx/databases/DB.6.0.140/db/
2025-04-29 00:17:10,066 [INFO] Argument:325 - Argument : hdmavalue: null
2025-04-29 00:17:10,068 [INFO] Argument:327 - 	 sub Args: 
2025-04-29 00:17:10,068 [INFO] Argument:325 - Argument : Instancevalue: DMA2_Stream0
2025-04-29 00:17:10,068 [INFO] Argument:335 - Argument : Instancevalue: DMA2_Stream0
2025-04-29 00:17:10,068 [INFO] Argument:325 - Argument : Initvalue: null
2025-04-29 00:17:10,068 [INFO] Argument:327 - 	 sub Args: 
2025-04-29 00:17:10,068 [INFO] Argument:325 - Argument : Channelvalue: DMA_CHANNEL_0
2025-04-29 00:17:10,069 [INFO] Argument:335 - Argument : Channelvalue: DMA_CHANNEL_0
2025-04-29 00:17:10,069 [INFO] Argument:325 - Argument : Directionvalue: DMA_PERIPH_TO_MEMORY
2025-04-29 00:17:10,069 [INFO] Argument:335 - Argument : Directionvalue: DMA_PERIPH_TO_MEMORY
2025-04-29 00:17:10,070 [INFO] Argument:325 - Argument : PeriphIncvalue: DMA_PINC_DISABLE
2025-04-29 00:17:10,071 [INFO] Argument:335 - Argument : PeriphIncvalue: DMA_PINC_DISABLE
2025-04-29 00:17:10,072 [INFO] Argument:325 - Argument : MemIncvalue: DMA_MINC_ENABLE
2025-04-29 00:17:10,077 [INFO] Argument:335 - Argument : MemIncvalue: DMA_MINC_ENABLE
2025-04-29 00:17:10,078 [INFO] Argument:325 - Argument : PeriphDataAlignmentvalue: DMA_PDATAALIGN_HALFWORD
2025-04-29 00:17:10,079 [INFO] Argument:335 - Argument : PeriphDataAlignmentvalue: DMA_PDATAALIGN_HALFWORD
2025-04-29 00:17:10,080 [INFO] Argument:325 - Argument : MemDataAlignmentvalue: DMA_MDATAALIGN_HALFWORD
2025-04-29 00:17:10,081 [INFO] Argument:335 - Argument : MemDataAlignmentvalue: DMA_MDATAALIGN_HALFWORD
2025-04-29 00:17:10,083 [INFO] Argument:325 - Argument : Modevalue: DMA_CIRCULAR
2025-04-29 00:17:10,084 [INFO] Argument:335 - Argument : Modevalue: DMA_CIRCULAR
2025-04-29 00:17:10,084 [INFO] Argument:325 - Argument : Priorityvalue: DMA_PRIORITY_VERY_HIGH
2025-04-29 00:17:10,084 [INFO] Argument:335 - Argument : Priorityvalue: DMA_PRIORITY_VERY_HIGH
2025-04-29 00:17:10,084 [INFO] Argument:325 - Argument : FIFOModevalue: DMA_FIFOMODE_DISABLE
2025-04-29 00:17:10,084 [INFO] Argument:335 - Argument : FIFOModevalue: DMA_FIFOMODE_DISABLE
2025-04-29 00:17:10,084 [INFO] Argument:325 - Argument : FIFOThresholdvalue: null
2025-04-29 00:17:10,084 [INFO] Argument:335 - Argument : FIFOThresholdvalue: null
2025-04-29 00:17:10,084 [INFO] Argument:325 - Argument : MemBurstvalue: null
2025-04-29 00:17:10,084 [INFO] Argument:335 - Argument : MemBurstvalue: null
2025-04-29 00:17:10,084 [INFO] Argument:325 - Argument : PeriphBurstvalue: null
2025-04-29 00:17:10,084 [INFO] Argument:335 - Argument : PeriphBurstvalue: null
2025-04-29 00:17:10,084 [INFO] Argument:325 - Argument : Lockvalue: null
2025-04-29 00:17:10,084 [INFO] Argument:335 - Argument : Lockvalue: null
2025-04-29 00:17:10,084 [INFO] Argument:325 - Argument : Statevalue: null
2025-04-29 00:17:10,084 [INFO] Argument:335 - Argument : Statevalue: null
2025-04-29 00:17:10,085 [INFO] Argument:325 - Argument : Parentvalue: null
2025-04-29 00:17:10,085 [INFO] Argument:335 - Argument : Parentvalue: null
2025-04-29 00:17:10,085 [INFO] Argument:325 - Argument : XferCpltCallbackvalue: null
2025-04-29 00:17:10,085 [INFO] Argument:335 - Argument : XferCpltCallbackvalue: null
2025-04-29 00:17:10,085 [INFO] Argument:325 - Argument : XferHalfCpltCallbackvalue: null
2025-04-29 00:17:10,085 [INFO] Argument:335 - Argument : XferHalfCpltCallbackvalue: null
2025-04-29 00:17:10,085 [INFO] Argument:325 - Argument : XferM1CpltCallbackvalue: null
2025-04-29 00:17:10,085 [INFO] Argument:335 - Argument : XferM1CpltCallbackvalue: null
2025-04-29 00:17:10,085 [INFO] Argument:325 - Argument : XferErrorCallbackvalue: null
2025-04-29 00:17:10,086 [INFO] Argument:335 - Argument : XferErrorCallbackvalue: null
2025-04-29 00:17:10,086 [INFO] Argument:325 - Argument : ErrorCodevalue: null
2025-04-29 00:17:10,086 [INFO] Argument:335 - Argument : ErrorCodevalue: null
2025-04-29 00:17:10,095 [WARN] IP:2250 - I2C_Coeff_DF not found: check if there is a RefParameter without a condition.
2025-04-29 00:17:10,097 [WARN] IP:2250 - Analog_Filter not found: check if there is a RefParameter without a condition.
2025-04-29 00:17:10,102 [WARN] IP:2250 - I2C_Coeff_DF not found: check if there is a RefParameter without a condition.
2025-04-29 00:17:10,102 [WARN] IP:2250 - Analog_Filter not found: check if there is a RefParameter without a condition.
2025-04-29 00:17:10,109 [INFO] Argument:325 - Argument : hdmavalue: null
2025-04-29 00:17:10,109 [INFO] Argument:327 - 	 sub Args: 
2025-04-29 00:17:10,109 [INFO] Argument:325 - Argument : Instancevalue: DMA1_Stream0
2025-04-29 00:17:10,109 [INFO] Argument:335 - Argument : Instancevalue: DMA1_Stream0
2025-04-29 00:17:10,109 [INFO] Argument:325 - Argument : Initvalue: null
2025-04-29 00:17:10,109 [INFO] Argument:327 - 	 sub Args: 
2025-04-29 00:17:10,109 [INFO] Argument:325 - Argument : Channelvalue: DMA_CHANNEL_3
2025-04-29 00:17:10,109 [INFO] Argument:335 - Argument : Channelvalue: DMA_CHANNEL_3
2025-04-29 00:17:10,109 [INFO] Argument:325 - Argument : Directionvalue: DMA_PERIPH_TO_MEMORY
2025-04-29 00:17:10,109 [INFO] Argument:335 - Argument : Directionvalue: DMA_PERIPH_TO_MEMORY
2025-04-29 00:17:10,110 [INFO] Argument:325 - Argument : PeriphIncvalue: DMA_PINC_DISABLE
2025-04-29 00:17:10,110 [INFO] Argument:335 - Argument : PeriphIncvalue: DMA_PINC_DISABLE
2025-04-29 00:17:10,111 [INFO] Argument:325 - Argument : MemIncvalue: DMA_MINC_ENABLE
2025-04-29 00:17:10,111 [INFO] Argument:335 - Argument : MemIncvalue: DMA_MINC_ENABLE
2025-04-29 00:17:10,111 [INFO] Argument:325 - Argument : PeriphDataAlignmentvalue: DMA_PDATAALIGN_HALFWORD
2025-04-29 00:17:10,111 [INFO] Argument:335 - Argument : PeriphDataAlignmentvalue: DMA_PDATAALIGN_HALFWORD
2025-04-29 00:17:10,111 [INFO] Argument:325 - Argument : MemDataAlignmentvalue: DMA_MDATAALIGN_HALFWORD
2025-04-29 00:17:10,111 [INFO] Argument:335 - Argument : MemDataAlignmentvalue: DMA_MDATAALIGN_HALFWORD
2025-04-29 00:17:10,111 [INFO] Argument:325 - Argument : Modevalue: DMA_CIRCULAR
2025-04-29 00:17:10,111 [INFO] Argument:335 - Argument : Modevalue: DMA_CIRCULAR
2025-04-29 00:17:10,111 [INFO] Argument:325 - Argument : Priorityvalue: DMA_PRIORITY_VERY_HIGH
2025-04-29 00:17:10,111 [INFO] Argument:335 - Argument : Priorityvalue: DMA_PRIORITY_VERY_HIGH
2025-04-29 00:17:10,111 [INFO] Argument:325 - Argument : FIFOModevalue: DMA_FIFOMODE_DISABLE
2025-04-29 00:17:10,112 [INFO] Argument:335 - Argument : FIFOModevalue: DMA_FIFOMODE_DISABLE
2025-04-29 00:17:10,112 [INFO] Argument:325 - Argument : FIFOThresholdvalue: null
2025-04-29 00:17:10,112 [INFO] Argument:335 - Argument : FIFOThresholdvalue: null
2025-04-29 00:17:10,112 [INFO] Argument:325 - Argument : MemBurstvalue: null
2025-04-29 00:17:10,112 [INFO] Argument:335 - Argument : MemBurstvalue: null
2025-04-29 00:17:10,112 [INFO] Argument:325 - Argument : PeriphBurstvalue: null
2025-04-29 00:17:10,112 [INFO] Argument:335 - Argument : PeriphBurstvalue: null
2025-04-29 00:17:10,112 [INFO] Argument:325 - Argument : Lockvalue: null
2025-04-29 00:17:10,112 [INFO] Argument:335 - Argument : Lockvalue: null
2025-04-29 00:17:10,112 [INFO] Argument:325 - Argument : Statevalue: null
2025-04-29 00:17:10,112 [INFO] Argument:335 - Argument : Statevalue: null
2025-04-29 00:17:10,112 [INFO] Argument:325 - Argument : Parentvalue: null
2025-04-29 00:17:10,112 [INFO] Argument:335 - Argument : Parentvalue: null
2025-04-29 00:17:10,112 [INFO] Argument:325 - Argument : XferCpltCallbackvalue: null
2025-04-29 00:17:10,113 [INFO] Argument:335 - Argument : XferCpltCallbackvalue: null
2025-04-29 00:17:10,114 [INFO] Argument:325 - Argument : XferHalfCpltCallbackvalue: null
2025-04-29 00:17:10,114 [INFO] Argument:335 - Argument : XferHalfCpltCallbackvalue: null
2025-04-29 00:17:10,114 [INFO] Argument:325 - Argument : XferM1CpltCallbackvalue: null
2025-04-29 00:17:10,115 [INFO] Argument:335 - Argument : XferM1CpltCallbackvalue: null
2025-04-29 00:17:10,115 [INFO] Argument:325 - Argument : XferErrorCallbackvalue: null
2025-04-29 00:17:10,115 [INFO] Argument:335 - Argument : XferErrorCallbackvalue: null
2025-04-29 00:17:10,115 [INFO] Argument:325 - Argument : ErrorCodevalue: null
2025-04-29 00:17:10,115 [INFO] Argument:335 - Argument : ErrorCodevalue: null
2025-04-29 00:17:10,117 [INFO] Argument:325 - Argument : hdmavalue: null
2025-04-29 00:17:10,117 [INFO] Argument:327 - 	 sub Args: 
2025-04-29 00:17:10,118 [INFO] Argument:325 - Argument : Instancevalue: DMA1_Stream7
2025-04-29 00:17:10,118 [INFO] Argument:335 - Argument : Instancevalue: DMA1_Stream7
2025-04-29 00:17:10,118 [INFO] Argument:325 - Argument : Initvalue: null
2025-04-29 00:17:10,118 [INFO] Argument:327 - 	 sub Args: 
2025-04-29 00:17:10,118 [INFO] Argument:325 - Argument : Channelvalue: DMA_CHANNEL_0
2025-04-29 00:17:10,118 [INFO] Argument:335 - Argument : Channelvalue: DMA_CHANNEL_0
2025-04-29 00:17:10,118 [INFO] Argument:325 - Argument : Directionvalue: DMA_MEMORY_TO_PERIPH
2025-04-29 00:17:10,118 [INFO] Argument:335 - Argument : Directionvalue: DMA_MEMORY_TO_PERIPH
2025-04-29 00:17:10,118 [INFO] Argument:325 - Argument : PeriphIncvalue: DMA_PINC_DISABLE
2025-04-29 00:17:10,118 [INFO] Argument:335 - Argument : PeriphIncvalue: DMA_PINC_DISABLE
2025-04-29 00:17:10,118 [INFO] Argument:325 - Argument : MemIncvalue: DMA_MINC_ENABLE
2025-04-29 00:17:10,118 [INFO] Argument:335 - Argument : MemIncvalue: DMA_MINC_ENABLE
2025-04-29 00:17:10,118 [INFO] Argument:325 - Argument : PeriphDataAlignmentvalue: DMA_PDATAALIGN_HALFWORD
2025-04-29 00:17:10,118 [INFO] Argument:335 - Argument : PeriphDataAlignmentvalue: DMA_PDATAALIGN_HALFWORD
2025-04-29 00:17:10,118 [INFO] Argument:325 - Argument : MemDataAlignmentvalue: DMA_MDATAALIGN_HALFWORD
2025-04-29 00:17:10,118 [INFO] Argument:335 - Argument : MemDataAlignmentvalue: DMA_MDATAALIGN_HALFWORD
2025-04-29 00:17:10,118 [INFO] Argument:325 - Argument : Modevalue: DMA_CIRCULAR
2025-04-29 00:17:10,118 [INFO] Argument:335 - Argument : Modevalue: DMA_CIRCULAR
2025-04-29 00:17:10,118 [INFO] Argument:325 - Argument : Priorityvalue: DMA_PRIORITY_VERY_HIGH
2025-04-29 00:17:10,118 [INFO] Argument:335 - Argument : Priorityvalue: DMA_PRIORITY_VERY_HIGH
2025-04-29 00:17:10,118 [INFO] Argument:325 - Argument : FIFOModevalue: DMA_FIFOMODE_DISABLE
2025-04-29 00:17:10,118 [INFO] Argument:335 - Argument : FIFOModevalue: DMA_FIFOMODE_DISABLE
2025-04-29 00:17:10,118 [INFO] Argument:325 - Argument : FIFOThresholdvalue: null
2025-04-29 00:17:10,118 [INFO] Argument:335 - Argument : FIFOThresholdvalue: null
2025-04-29 00:17:10,118 [INFO] Argument:325 - Argument : MemBurstvalue: null
2025-04-29 00:17:10,118 [INFO] Argument:335 - Argument : MemBurstvalue: null
2025-04-29 00:17:10,118 [INFO] Argument:325 - Argument : PeriphBurstvalue: null
2025-04-29 00:17:10,118 [INFO] Argument:335 - Argument : PeriphBurstvalue: null
2025-04-29 00:17:10,118 [INFO] Argument:325 - Argument : Lockvalue: null
2025-04-29 00:17:10,118 [INFO] Argument:335 - Argument : Lockvalue: null
2025-04-29 00:17:10,118 [INFO] Argument:325 - Argument : Statevalue: null
2025-04-29 00:17:10,118 [INFO] Argument:335 - Argument : Statevalue: null
2025-04-29 00:17:10,118 [INFO] Argument:325 - Argument : Parentvalue: null
2025-04-29 00:17:10,118 [INFO] Argument:335 - Argument : Parentvalue: null
2025-04-29 00:17:10,119 [INFO] Argument:325 - Argument : XferCpltCallbackvalue: null
2025-04-29 00:17:10,119 [INFO] Argument:335 - Argument : XferCpltCallbackvalue: null
2025-04-29 00:17:10,119 [INFO] Argument:325 - Argument : XferHalfCpltCallbackvalue: null
2025-04-29 00:17:10,119 [INFO] Argument:335 - Argument : XferHalfCpltCallbackvalue: null
2025-04-29 00:17:10,119 [INFO] Argument:325 - Argument : XferM1CpltCallbackvalue: null
2025-04-29 00:17:10,119 [INFO] Argument:335 - Argument : XferM1CpltCallbackvalue: null
2025-04-29 00:17:10,119 [INFO] Argument:325 - Argument : XferErrorCallbackvalue: null
2025-04-29 00:17:10,119 [INFO] Argument:335 - Argument : XferErrorCallbackvalue: null
2025-04-29 00:17:10,119 [INFO] Argument:325 - Argument : ErrorCodevalue: null
2025-04-29 00:17:10,119 [INFO] Argument:335 - Argument : ErrorCodevalue: null
2025-04-29 00:17:10,281 [INFO] CodeEngine:263 - oldGeneratedFile, /Users/juno/github.com/DSP-Effects-Pedal/pedal_v1/MXTmpFiles/license.tmp_save
2025-04-29 00:17:10,753 [INFO] CodeEngine:287 - Generated code: /Users/juno/github.com/DSP-Effects-Pedal/pedal_v1/MXTmpFiles/license.tmp
2025-04-29 00:17:10,932 [INFO] CodeEngine:263 - oldGeneratedFile, /Users/juno/github.com/DSP-Effects-Pedal/pedal_v1/Core/Src/gpio.c_save
2025-04-29 00:17:11,168 [INFO] CodeEngine:287 - Generated code: /Users/juno/github.com/DSP-Effects-Pedal/pedal_v1/Core/Src/gpio.c
2025-04-29 00:17:11,174 [INFO] CodeEngine:263 - oldGeneratedFile, /Users/juno/github.com/DSP-Effects-Pedal/pedal_v1/Core/Inc/gpio.h_save
2025-04-29 00:17:11,282 [INFO] CodeEngine:287 - Generated code: /Users/juno/github.com/DSP-Effects-Pedal/pedal_v1/Core/Inc/gpio.h
2025-04-29 00:17:13,153 [WARN] IPConfigManager:3217 - Warning: the RefConfig PWREx_EnableUSBVoltageDetector is not available in your config.xml file
2025-04-29 00:17:13,198 [INFO] CodeEngine:263 - oldGeneratedFile, /Users/juno/github.com/DSP-Effects-Pedal/pedal_v1/Core/Src/adc.c_save
2025-04-29 00:17:13,706 [INFO] CodeEngine:287 - Generated code: /Users/juno/github.com/DSP-Effects-Pedal/pedal_v1/Core/Src/adc.c
2025-04-29 00:17:13,712 [INFO] CodeEngine:263 - oldGeneratedFile, /Users/juno/github.com/DSP-Effects-Pedal/pedal_v1/Core/Inc/adc.h_save
2025-04-29 00:17:13,910 [INFO] CodeEngine:287 - Generated code: /Users/juno/github.com/DSP-Effects-Pedal/pedal_v1/Core/Inc/adc.h
2025-04-29 00:17:14,015 [INFO] CodeEngine:263 - oldGeneratedFile, /Users/juno/github.com/DSP-Effects-Pedal/pedal_v1/Core/Src/dma.c_save
2025-04-29 00:17:14,156 [INFO] CodeEngine:287 - Generated code: /Users/juno/github.com/DSP-Effects-Pedal/pedal_v1/Core/Src/dma.c
2025-04-29 00:17:14,160 [INFO] CodeEngine:263 - oldGeneratedFile, /Users/juno/github.com/DSP-Effects-Pedal/pedal_v1/Core/Inc/dma.h_save
2025-04-29 00:17:14,249 [INFO] CodeEngine:287 - Generated code: /Users/juno/github.com/DSP-Effects-Pedal/pedal_v1/Core/Inc/dma.h
2025-04-29 00:17:14,270 [INFO] CodeEngine:263 - oldGeneratedFile, /Users/juno/github.com/DSP-Effects-Pedal/pedal_v1/Core/Src/i2c.c_save
2025-04-29 00:17:14,426 [INFO] CodeEngine:287 - Generated code: /Users/juno/github.com/DSP-Effects-Pedal/pedal_v1/Core/Src/i2c.c
2025-04-29 00:17:14,455 [INFO] CodeEngine:263 - oldGeneratedFile, /Users/juno/github.com/DSP-Effects-Pedal/pedal_v1/Core/Inc/i2c.h_save
2025-04-29 00:17:14,553 [INFO] CodeEngine:287 - Generated code: /Users/juno/github.com/DSP-Effects-Pedal/pedal_v1/Core/Inc/i2c.h
2025-04-29 00:17:14,559 [INFO] CodeEngine:263 - oldGeneratedFile, /Users/juno/github.com/DSP-Effects-Pedal/pedal_v1/Core/Src/i2s.c_save
2025-04-29 00:17:14,731 [INFO] CodeEngine:287 - Generated code: /Users/juno/github.com/DSP-Effects-Pedal/pedal_v1/Core/Src/i2s.c
2025-04-29 00:17:14,736 [INFO] CodeEngine:263 - oldGeneratedFile, /Users/juno/github.com/DSP-Effects-Pedal/pedal_v1/Core/Inc/i2s.h_save
2025-04-29 00:17:14,827 [INFO] CodeEngine:287 - Generated code: /Users/juno/github.com/DSP-Effects-Pedal/pedal_v1/Core/Inc/i2s.h
2025-04-29 00:17:14,835 [INFO] CodeEngine:263 - oldGeneratedFile, /Users/juno/github.com/DSP-Effects-Pedal/pedal_v1/Core/Src/spi.c_save
2025-04-29 00:17:14,958 [INFO] CodeEngine:287 - Generated code: /Users/juno/github.com/DSP-Effects-Pedal/pedal_v1/Core/Src/spi.c
2025-04-29 00:17:14,961 [INFO] CodeEngine:263 - oldGeneratedFile, /Users/juno/github.com/DSP-Effects-Pedal/pedal_v1/Core/Inc/spi.h_save
2025-04-29 00:17:15,051 [INFO] CodeEngine:287 - Generated code: /Users/juno/github.com/DSP-Effects-Pedal/pedal_v1/Core/Inc/spi.h
2025-04-29 00:17:15,064 [INFO] CodeEngine:263 - oldGeneratedFile, /Users/juno/github.com/DSP-Effects-Pedal/pedal_v1/Core/Src/tim.c_save
2025-04-29 00:17:15,254 [INFO] CodeEngine:287 - Generated code: /Users/juno/github.com/DSP-Effects-Pedal/pedal_v1/Core/Src/tim.c
2025-04-29 00:17:15,259 [INFO] CodeEngine:263 - oldGeneratedFile, /Users/juno/github.com/DSP-Effects-Pedal/pedal_v1/Core/Inc/tim.h_save
2025-04-29 00:17:15,366 [INFO] CodeEngine:287 - Generated code: /Users/juno/github.com/DSP-Effects-Pedal/pedal_v1/Core/Inc/tim.h
2025-04-29 00:17:15,382 [INFO] CodeEngine:263 - oldGeneratedFile, /Users/juno/github.com/DSP-Effects-Pedal/pedal_v1/Core/Src/usart.c_save
2025-04-29 00:17:15,545 [INFO] CodeEngine:287 - Generated code: /Users/juno/github.com/DSP-Effects-Pedal/pedal_v1/Core/Src/usart.c
2025-04-29 00:17:15,548 [INFO] CodeEngine:263 - oldGeneratedFile, /Users/juno/github.com/DSP-Effects-Pedal/pedal_v1/Core/Inc/usart.h_save
2025-04-29 00:17:15,624 [INFO] CodeEngine:287 - Generated code: /Users/juno/github.com/DSP-Effects-Pedal/pedal_v1/Core/Inc/usart.h
2025-04-29 00:17:15,631 [INFO] CodeEngine:263 - oldGeneratedFile, /Users/juno/github.com/DSP-Effects-Pedal/pedal_v1/Core/Src/usb_otg.c_save
2025-04-29 00:17:15,877 [INFO] CodeEngine:287 - Generated code: /Users/juno/github.com/DSP-Effects-Pedal/pedal_v1/Core/Src/usb_otg.c
2025-04-29 00:17:15,879 [INFO] CodeEngine:263 - oldGeneratedFile, /Users/juno/github.com/DSP-Effects-Pedal/pedal_v1/Core/Inc/usb_otg.h_save
2025-04-29 00:17:15,969 [INFO] CodeEngine:287 - Generated code: /Users/juno/github.com/DSP-Effects-Pedal/pedal_v1/Core/Inc/usb_otg.h
2025-04-29 00:17:15,988 [INFO] CodeEngine:263 - oldGeneratedFile, /Users/juno/github.com/DSP-Effects-Pedal/pedal_v1/Core/Src/stm32f4xx_it.c_save
2025-04-29 00:17:16,329 [INFO] CodeEngine:287 - Generated code: /Users/juno/github.com/DSP-Effects-Pedal/pedal_v1/Core/Src/stm32f4xx_it.c
2025-04-29 00:17:16,337 [INFO] CodeEngine:263 - oldGeneratedFile, /Users/juno/github.com/DSP-Effects-Pedal/pedal_v1/Core/Inc/stm32f4xx_it.h_save
2025-04-29 00:17:16,409 [INFO] CodeEngine:287 - Generated code: /Users/juno/github.com/DSP-Effects-Pedal/pedal_v1/Core/Inc/stm32f4xx_it.h
2025-04-29 00:17:16,427 [INFO] CodeEngine:263 - oldGeneratedFile, /Users/juno/github.com/DSP-Effects-Pedal/pedal_v1/Core/Src/stm32f4xx_hal_msp.c_save
2025-04-29 00:17:16,519 [INFO] CodeEngine:287 - Generated code: /Users/juno/github.com/DSP-Effects-Pedal/pedal_v1/Core/Src/stm32f4xx_hal_msp.c
2025-04-29 00:17:16,522 [INFO] CodeEngine:263 - oldGeneratedFile, /Users/juno/github.com/DSP-Effects-Pedal/pedal_v1/MXTmpFiles/system.tmp_save
2025-04-29 00:17:16,606 [INFO] CodeEngine:287 - Generated code: /Users/juno/github.com/DSP-Effects-Pedal/pedal_v1/MXTmpFiles/system.tmp
2025-04-29 00:17:16,618 [INFO] CodeEngine:319 - oldGeneratedFile, /Users/juno/github.com/DSP-Effects-Pedal/pedal_v1/Core/Inc/stm32f4xx_hal_conf.h_save
2025-04-29 00:17:16,723 [INFO] CodeEngine:343 - Generated code: /Users/juno/github.com/DSP-Effects-Pedal/pedal_v1/Core/Inc/stm32f4xx_hal_conf.h
2025-04-29 00:17:16,881 [INFO] CodeEngine:263 - oldGeneratedFile, /Users/juno/github.com/DSP-Effects-Pedal/pedal_v1/Core/Inc/main.h_save
2025-04-29 00:17:17,194 [INFO] CodeEngine:287 - Generated code: /Users/juno/github.com/DSP-Effects-Pedal/pedal_v1/Core/Inc/main.h
2025-04-29 00:17:17,198 [INFO] CodeEngine:263 - oldGeneratedFile, /Users/juno/github.com/DSP-Effects-Pedal/pedal_v1/Core/Src/main.c_save
2025-04-29 00:17:17,379 [INFO] CodeEngine:287 - Generated code: /Users/juno/github.com/DSP-Effects-Pedal/pedal_v1/Core/Src/main.c
2025-04-29 00:17:18,336 [INFO] ProjectBuilder:3324 - Time for Copy HAL[1] : 99mS.
2025-04-29 00:17:18,365 [INFO] ProjectBuilder:4912 - Project Generator version: 4.6.0.1-B1
2025-04-29 00:17:18,650 [INFO] ConfigFileManager:1590 - The Die is : DIE413
2025-04-29 00:17:22,184 [INFO] ProjectBuilder:5191 - Time for Generating toolchain IDE Files: 3817mS.
2025-04-29 00:17:22,187 [INFO] ProjectBuilder:3181 - Time for Copy CMSIS : 0mS.
2025-04-29 00:17:22,189 [INFO] ProjectBuilder:3181 - Time for Copy CMSIS : 0mS.
2025-04-29 00:40:31,728 [WARN] IP:2250 - I2C_Coeff_DF not found: check if there is a RefParameter without a condition.
2025-04-29 00:40:31,734 [WARN] IP:2250 - Analog_Filter not found: check if there is a RefParameter without a condition.
2025-04-29 00:40:31,736 [WARN] IP:2250 - I2C_Coeff_DF not found: check if there is a RefParameter without a condition.
2025-04-29 00:40:31,737 [WARN] IP:2250 - Analog_Filter not found: check if there is a RefParameter without a condition.
2025-04-29 00:40:31,745 [WARN] IP:2250 - I2C_Coeff_DF not found: check if there is a RefParameter without a condition.
2025-04-29 00:40:31,745 [WARN] IP:2250 - Analog_Filter not found: check if there is a RefParameter without a condition.
2025-04-29 00:40:31,746 [WARN] IP:2250 - I2C_Coeff_DF not found: check if there is a RefParameter without a condition.
2025-04-29 00:40:31,746 [WARN] IP:2250 - Analog_Filter not found: check if there is a RefParameter without a condition.
2025-04-29 00:40:32,157 [INFO] I2sManager:658 - 5.0E7
2025-04-29 00:40:32,158 [INFO] I2sManager:195 - I2S Clock Value : 5.0E7
2025-04-29 00:40:32,159 [INFO] I2sManager:553 - AudioClock : 48828Divider : 2Odd : 0
2025-04-29 00:40:32,431 [INFO] I2sManager:658 - 5.0E7
2025-04-29 00:40:32,432 [INFO] I2sManager:195 - I2S Clock Value : 5.0E7
2025-04-29 00:40:32,434 [INFO] I2sManager:553 - AudioClock : 48828Divider : 2Odd : 0
2025-04-29 00:40:41,434 [INFO] Gpio:277 - dependency for GPIO [ADC1, I2C1, I2C3, I2S3, RCC, SPI1, SYS, USART3, USB_OTG_FS]
2025-04-29 08:55:27,233 [INFO] WebApp:194 - Connection lost
2025-04-29 08:55:29,528 [INFO] WebApp:191 - Connection restablished
2025-04-29 08:56:55,361 [INFO] WebApp:194 - Connection lost
2025-04-29 08:57:08,190 [INFO] WebApp:191 - Connection restablished
2025-04-29 10:13:50,378 [INFO] WebApp:194 - Connection lost
2025-04-29 10:13:52,679 [INFO] WebApp:191 - Connection restablished
2025-04-29 10:14:29,788 [INFO] WebApp:194 - Connection lost
2025-04-29 10:14:35,768 [INFO] WebApp:191 - Connection restablished
2025-04-29 10:16:24,048 [INFO] WebApp:194 - Connection lost
2025-04-29 10:16:29,667 [INFO] WebApp:191 - Connection restablished
2025-04-29 10:17:09,997 [INFO] WebApp:194 - Connection lost
2025-04-29 10:17:15,670 [INFO] WebApp:191 - Connection restablished
2025-04-29 10:18:20,340 [INFO] WebApp:194 - Connection lost
2025-04-29 10:18:25,613 [INFO] WebApp:191 - Connection restablished
2025-04-29 10:18:59,313 [INFO] WebApp:194 - Connection lost
2025-04-29 10:19:06,025 [INFO] WebApp:191 - Connection restablished
2025-04-29 12:02:06,369 [INFO] WebApp:194 - Connection lost
2025-04-29 12:02:08,085 [INFO] WebApp:191 - Connection restablished
2025-04-29 12:02:29,531 [INFO] WebApp:194 - Connection lost
2025-04-29 12:02:37,586 [INFO] WebApp:191 - Connection restablished
2025-04-29 12:03:09,393 [INFO] WebApp:194 - Connection lost
2025-04-29 12:03:14,605 [INFO] WebApp:191 - Connection restablished
2025-04-29 12:03:50,922 [INFO] WebApp:194 - Connection lost
2025-04-29 12:03:56,154 [INFO] WebApp:191 - Connection restablished
2025-04-29 12:04:20,779 [INFO] WebApp:194 - Connection lost
2025-04-29 12:04:26,524 [INFO] WebApp:191 - Connection restablished
2025-04-29 12:26:38,976 [INFO] WebApp:194 - Connection lost
2025-04-29 12:26:43,678 [INFO] WebApp:191 - Connection restablished
2025-04-29 12:27:05,597 [INFO] WebApp:194 - Connection lost
2025-04-29 12:27:10,891 [INFO] WebApp:191 - Connection restablished
2025-04-29 12:28:43,269 [INFO] WebApp:194 - Connection lost
2025-04-29 12:28:46,991 [INFO] WebApp:191 - Connection restablished
2025-04-29 15:57:31,272 [INFO] I2sManager:658 - 5.0E7
2025-04-29 15:57:31,281 [INFO] I2sManager:195 - I2S Clock Value : 5.0E7
2025-04-29 15:57:31,283 [INFO] I2sManager:553 - AudioClock : 48828Divider : 2Odd : 0
2025-04-29 16:05:02,547 [INFO] MainUpdater:2872 - connection check result : 10
2025-04-29 16:05:02,851 [INFO] McuFinderGlobals:76 - Set McuFinderConnectedMode to true
2025-04-29 16:05:02,870 [INFO] MultiScanPanel:200 - Auto-refresh data requested => check proxy status ongoing
2025-04-29 16:05:02,877 [INFO] FinderPluginLoader:95 - Searching for filters in installed packs
2025-04-29 16:05:05,091 [INFO] LoadUrlFilesThread:185 - End of LoadServerUrlFiles without Thread
2025-04-29 16:05:05,190 [INFO] DetailPanel:341 - Set advertising image to /Users/juno/STM32Cube/Repository//en.prom-stm32u3-mcu-finder.jpg
2025-04-29 16:05:51,952 [INFO] MultiScanPanel:200 - Auto-refresh data requested => check proxy status ongoing
2025-04-29 16:05:52,209 [INFO] LoadUrlFilesThread:185 - End of LoadServerUrlFiles without Thread
2025-04-29 16:05:52,210 [INFO] DetailPanel:341 - Set advertising image to /Users/juno/STM32Cube/Repository//en.prom-stm32u3-mcu-finder.jpg
2025-04-29 16:05:52,231 [INFO] DbBoards:642 - Loading board mini-images...
2025-04-29 16:05:52,327 [ERROR] DbBoards:659 - Image file not found for board B-WBA5M-WPAN: /Users/juno/.stmcufinder/plugins/mcufinder//mcu//boards_images/B-WBA5M-WPAN.jpg
2025-04-29 16:05:54,715 [INFO] DbBoards:665 - Loaded 210 board mini-images
2025-04-29 16:06:37,269 [INFO] BoardAction:75 - Docs & Resources
2025-04-29 16:06:49,904 [INFO] BoardAction:139 - Datasheet
2025-04-29 16:06:53,521 [ERROR] WebUtils:398 - Updater is busy
2025-04-29 16:06:53,527 [INFO] BoardAction:170 - Large Picture
2025-04-29 16:06:55,767 [INFO] McuFinderGlobals:76 - Set McuFinderConnectedMode to true
2025-04-29 16:06:55,822 [INFO] ApiDb:448 - Save user favorites file /Users/juno/.stm32cubeide/favorites.mcus.txt: 0 item(s)
2025-04-29 16:06:55,825 [INFO] ApiDb:452 - User favorites MCUs=[]
2025-04-29 16:06:55,859 [INFO] ApiDb:448 - Save user favorites file /Users/juno/.stm32cubeide/favorites.boards.txt: 1 item(s)
2025-04-29 16:06:55,860 [INFO] ApiDb:452 - User favorites Boards=[STM32F407G-DISC1]
2025-04-29 16:06:57,503 [INFO] ServerAccessManage:473 - Download File DB1421.pdf
2025-04-29 16:06:57,557 [ERROR] ServerAccessManage:651 - User Cancel Download : DB1421.pdf.
2025-04-29 16:06:57,667 [INFO] LoadUrlFilesThread:156 - End of LoadUrlFiles Thread
