2025-04-26 13:24:11,246 [INFO] WebApp:194 - Connection lost
2025-04-26 13:24:13,158 [INFO] WebApp:191 - Connection restablished
2025-04-26 14:31:39,519 [INFO] MainUpdater:2872 - connection check result : 10
2025-04-26 14:31:39,522 [INFO] MainUpdater:2872 - connection check result : 10
2025-04-26 14:31:40,187 [INFO] I2sManager:658 - 5.0E7
2025-04-26 14:31:40,188 [INFO] I2sManager:195 - I2S Clock Value : 5.0E7
2025-04-26 14:31:40,190 [INFO] I2sManager:553 - AudioClock : 47348Divider : 16Odd : 1
2025-04-26 14:31:40,205 [INFO] MicroXplorer:468 - Change Database Path : 
2025-04-26 14:31:40,205 [INFO] MicroXplorer:498 - Change Database Version : DB.6.0.141
2025-04-26 14:31:40,334 [ERROR] ProjectManagerView:395 - 
java.lang.NullPointerException: Cannot invoke "javax.swing.JTextField.getText()" because the return value of "java.util.List.get(int)" is null
	at com.st.microxplorer.plugins.projectmanager.gui.ProjectChoiceTab$9.caretUpdate(ProjectChoiceTab.java:2678) ~[filemanager.jar:?]
	at javax.swing.text.JTextComponent.fireCaretUpdate(JTextComponent.java:408) ~[?:?]
	at javax.swing.text.JTextComponent$MutableCaretEvent.fire(JTextComponent.java:4484) ~[?:?]
	at javax.swing.text.JTextComponent$MutableCaretEvent.stateChanged(JTextComponent.java:4506) ~[?:?]
	at javax.swing.text.DefaultCaret.fireStateChanged(DefaultCaret.java:857) ~[?:?]
	at javax.swing.text.DefaultCaret.changeCaretPosition(DefaultCaret.java:1343) ~[?:?]
	at javax.swing.text.DefaultCaret.handleSetDot(DefaultCaret.java:1242) ~[?:?]
	at javax.swing.text.DefaultCaret.setDot(DefaultCaret.java:1223) ~[?:?]
	at javax.swing.text.DefaultCaret$Handler.insertUpdate(DefaultCaret.java:1819) ~[?:?]
	at javax.swing.text.AbstractDocument.fireInsertUpdate(AbstractDocument.java:227) ~[?:?]
	at javax.swing.text.AbstractDocument.handleInsertString(AbstractDocument.java:781) ~[?:?]
	at javax.swing.text.AbstractDocument.insertString(AbstractDocument.java:740) ~[?:?]
	at javax.swing.text.PlainDocument.insertString(PlainDocument.java:131) ~[?:?]
	at javax.swing.text.AbstractDocument.replace(AbstractDocument.java:699) ~[?:?]
	at javax.swing.text.JTextComponent.setText(JTextComponent.java:1725) ~[?:?]
	at com.st.microxplorer.plugins.projectmanager.gui.ProjectChoiceTab.createHeapStackFields(ProjectChoiceTab.java:979) ~[filemanager.jar:?]
	at com.st.microxplorer.plugins.projectmanager.gui.ProjectChoiceTab.buildLinkSettingsPanel(ProjectChoiceTab.java:3766) ~[filemanager.jar:?]
	at com.st.microxplorer.plugins.projectmanager.gui.ProjectChoiceTab.defineWindowsFields(ProjectChoiceTab.java:1962) ~[filemanager.jar:?]
	at com.st.microxplorer.plugins.projectmanager.gui.ProjectChoiceTab.updateSettings(ProjectChoiceTab.java:555) ~[filemanager.jar:?]
	at com.st.microxplorer.plugins.projectmanager.gui.ProjectSettingsPanel.UpdateDialog(ProjectSettingsPanel.java:245) ~[filemanager.jar:?]
	at com.st.microxplorer.plugins.projectmanager.ProjectManagerView.propertyChange(ProjectManagerView.java:392) ~[filemanager.jar:?]
	at java.beans.PropertyChangeSupport.fire(PropertyChangeSupport.java:343) ~[?:?]
	at java.beans.PropertyChangeSupport.firePropertyChange(PropertyChangeSupport.java:335) ~[?:?]
	at java.beans.PropertyChangeSupport.firePropertyChange(PropertyChangeSupport.java:268) ~[?:?]
	at com.st.microxplorer.util.MXPropertyChangeSupport.firePropertyChange(MXPropertyChangeSupport.java:54) ~[STM32CubeMX.jar:?]
	at com.st.microxplorer.mxsystem.MxSystem.closeConfig(MxSystem.java:899) ~[STM32CubeMX.jar:?]
	at com.st.microxplorer.maingui.MainPanel.closeConfig(MainPanel.java:789) ~[STM32CubeMX.jar:?]
	at com.st.microxplorer.plugins.filemanager.engine.OpenFileManager.loadConfigurationFile(OpenFileManager.java:287) ~[filemanager.jar:?]
	at com.st.microxplorer.plugins.filemanager.engine.MainFileManager.userLoadConfig(MainFileManager.java:341) ~[filemanager.jar:?]
	at com.st.microxplorer.plugins.filemanager.engine.MainFileManager.userLoadConfig(MainFileManager.java:319) ~[filemanager.jar:?]
	at com.st.microxplorer.plugins.filemanager.FileManagerView.getSpecificTask(FileManagerView.java:246) ~[filemanager.jar:?]
	at com.st.stm32cube.common.mx.editor.CubeMxEditor.getMxTabbedPaneInstance(CubeMxEditor.java:1198) ~[com.st.stm32cube.common.mx_6.14.1.202504091515/:?]
	at com.st.stm32cube.common.mx.editor.CubeMxEditor$12$1.createSwingComponent(CubeMxEditor.java:1068) ~[com.st.stm32cube.common.mx_6.14.1.202504091515/:?]
	at com.st.stm32cube.common.mx.oss.core.awtswtbridge.EmbeddedSwingComposite.doComponentCreation(EmbeddedSwingComposite.java:492) ~[com.st.stm32cube.common.mx.oss_6.14.1.202504091515/:?]
	at com.st.stm32cube.common.mx.oss.core.awtswtbridge.EmbeddedSwingComposite$4.run(EmbeddedSwingComposite.java:291) ~[com.st.stm32cube.common.mx.oss_6.14.1.202504091515/:?]
	at com.st.stm32cube.common.mx.oss.core.awtswtbridge.AwtEnvironment$2.run(AwtEnvironment.java:166) ~[com.st.stm32cube.common.mx.oss_6.14.1.202504091515/:?]
	at java.awt.event.InvocationEvent.dispatch(InvocationEvent.java:318) ~[?:?]
	at java.awt.EventQueue.dispatchEventImpl(EventQueue.java:773) ~[?:?]
	at java.awt.EventQueue$4.run(EventQueue.java:720) ~[?:?]
	at java.awt.EventQueue$4.run(EventQueue.java:714) ~[?:?]
	at java.security.AccessController.doPrivileged(AccessController.java:400) ~[?:?]
	at java.security.ProtectionDomain$JavaSecurityAccessImpl.doIntersectionPrivilege(ProtectionDomain.java:87) ~[?:?]
	at java.awt.EventQueue.dispatchEvent(EventQueue.java:742) ~[?:?]
	at java.awt.EventDispatchThread.pumpOneEventForFilters(EventDispatchThread.java:203) ~[?:?]
	at java.awt.EventDispatchThread.pumpEventsForFilter(EventDispatchThread.java:124) ~[?:?]
	at java.awt.EventDispatchThread.pumpEventsForHierarchy(EventDispatchThread.java:113) ~[?:?]
	at java.awt.EventDispatchThread.pumpEvents(EventDispatchThread.java:109) ~[?:?]
	at java.awt.EventDispatchThread.pumpEvents(EventDispatchThread.java:101) ~[?:?]
	at java.awt.EventDispatchThread.run(EventDispatchThread.java:90) ~[?:?]
2025-04-26 14:31:40,357 [WARN] ThirdParty:871 - waiting for thirdparty lock release [close project]
2025-04-26 14:31:40,358 [INFO] ThirdParty:873 - entering critical section [close project]
2025-04-26 14:31:40,358 [INFO] ThirdParty:883 - exiting critical section [close project]
2025-04-26 14:31:40,370 [INFO] PinOutPanel:1589 - setPackage(No Configuration,No Configuration)
2025-04-26 14:31:40,442 [WARN] IpParametersView:155 - Warning: This peripheral hasn't parameters
2025-04-26 14:31:40,518 [WARN] MainPanel:289 - <html><b><center>Warning: This peripheral has no parameters to be configured<br></b></html>
2025-04-26 14:31:40,542 [INFO] UtilMem:75 - Begin LoadConfig() Used Memory: 490823152 Bytes (804257792)
2025-04-26 14:31:40,570 [INFO] MicroXplorer:468 - Change Database Path : /Users/juno/.stm32cubemx/databases/DB.6.0.140/db/
2025-04-26 14:31:40,570 [INFO] MicroXplorer:498 - Change Database Version : DB.6.0.140
2025-04-26 14:31:43,523 [INFO] OpenFileManager:354 - Change cursor
2025-04-26 14:31:43,721 [INFO] RulesReader:64 - Compatibility file has been processed (301 Rules)
2025-04-26 14:31:43,758 [INFO] Mcu:2011 - Initializing MCU STM32F407V(E-G)Tx STM32F407VGTx STM32F407VGT6
2025-04-26 14:31:46,368 [INFO] Context:756 - Trying to add GPIOservice into a context  which must be forbidden
2025-04-26 14:31:47,300 [INFO] ImportTextPane:218 - (OptionalMessage_ERROR) Pin40 (VP_RIF_VS_RIF1) cannot be retrieved for this MCU
2025-04-26 14:31:47,718 [INFO] RtosManager:558 - Registered RTOS mode: class=CMSIS, group=RTOS, mode=CMSIS_V1, owner=FREERTOS
2025-04-26 14:31:47,718 [INFO] RtosManager:558 - Registered RTOS mode: class=CMSIS, group=RTOS2, mode=CMSIS_V2, owner=FREERTOS
2025-04-26 14:31:47,719 [INFO] RtosManager:558 - Registered RTOS mode: class=RTOS, group=Core, mode=CMSIS_V1, owner=FREERTOS
2025-04-26 14:31:47,719 [INFO] RtosManager:558 - Registered RTOS mode: class=RTOS, group=Core, mode=CMSIS_V2, owner=FREERTOS
2025-04-26 14:31:47,719 [WARN] ModelIntegratedComponent:184 - Missing modes for component STMicroelectronics:FreeRTOS:0.0.1:STMicroelectronics:RTOS:FreeRTOS:Core:::10.2.0:
2025-04-26 14:31:47,753 [WARN] ModelIntegratedComponent:63 - No mode defined for component null
2025-04-26 14:31:47,757 [WARN] ModelIntegratedComponent:63 - No mode defined for component null
2025-04-26 14:31:47,759 [WARN] ModelIntegratedComponent:63 - No mode defined for component null
2025-04-26 14:31:47,764 [WARN] ModelIntegratedComponent:63 - No mode defined for component null
2025-04-26 14:31:47,766 [WARN] ModelIntegratedComponent:63 - No mode defined for component null
2025-04-26 14:31:47,766 [WARN] ModelIntegratedComponent:63 - No mode defined for component null
2025-04-26 14:31:47,766 [WARN] ModelIntegratedComponent:63 - No mode defined for component null
2025-04-26 14:31:47,766 [WARN] ModelIntegratedComponent:63 - No mode defined for component null
2025-04-26 14:31:47,766 [WARN] ModelIntegratedComponent:63 - No mode defined for component null
2025-04-26 14:31:47,767 [WARN] ModelIntegratedComponent:63 - No mode defined for component null
2025-04-26 14:31:47,767 [WARN] ModelIntegratedComponent:63 - No mode defined for component null
2025-04-26 14:31:47,768 [WARN] ModelIntegratedComponent:63 - No mode defined for component null
2025-04-26 14:31:47,768 [WARN] ModelIntegratedComponent:63 - No mode defined for component null
2025-04-26 14:31:47,768 [WARN] ModelIntegratedComponent:63 - No mode defined for component null
2025-04-26 14:31:47,769 [WARN] ModelIntegratedComponent:63 - No mode defined for component null
2025-04-26 14:31:47,769 [WARN] ModelIntegratedComponent:63 - No mode defined for component null
2025-04-26 14:31:47,769 [WARN] ModelIntegratedComponent:63 - No mode defined for component null
2025-04-26 14:31:47,769 [WARN] ModelIntegratedComponent:63 - No mode defined for component null
2025-04-26 14:31:47,769 [WARN] ModelIntegratedComponent:63 - No mode defined for component null
2025-04-26 14:31:47,770 [WARN] ModelIntegratedComponent:63 - No mode defined for component null
2025-04-26 14:31:47,771 [WARN] ModelIntegratedComponent:63 - No mode defined for component null
2025-04-26 14:31:47,771 [WARN] ModelIntegratedComponent:63 - No mode defined for component null
2025-04-26 14:31:47,771 [WARN] ModelIntegratedComponent:63 - No mode defined for component null
2025-04-26 14:31:47,771 [WARN] ModelIntegratedComponent:63 - No mode defined for component null
2025-04-26 14:31:47,771 [WARN] ModelIntegratedComponent:63 - No mode defined for component null
2025-04-26 14:31:47,771 [WARN] ModelIntegratedComponent:63 - No mode defined for component null
2025-04-26 14:31:47,772 [WARN] ModelIntegratedComponent:63 - No mode defined for component null
2025-04-26 14:31:47,772 [WARN] ModelIntegratedComponent:63 - No mode defined for component null
2025-04-26 14:31:47,772 [WARN] ModelIntegratedComponent:63 - No mode defined for component null
2025-04-26 14:31:47,772 [WARN] ModelIntegratedComponent:63 - No mode defined for component null
2025-04-26 14:31:47,772 [WARN] ModelIntegratedComponent:63 - No mode defined for component null
2025-04-26 14:31:47,772 [WARN] ModelIntegratedComponent:63 - No mode defined for component null
2025-04-26 14:31:47,772 [WARN] ModelIntegratedComponent:63 - No mode defined for component null
2025-04-26 14:31:47,772 [WARN] ModelIntegratedComponent:63 - No mode defined for component null
2025-04-26 14:31:47,773 [WARN] ModelIntegratedComponent:63 - No mode defined for component null
2025-04-26 14:31:47,776 [WARN] ModelPack:524 - Component already loaded: STMicroelectronics:HAL Drivers:0.0.0:STMicroelectronics:Device:STMicro_Driver:XSPI:HAL::0.0.1:HAL_XSPI
2025-04-26 14:31:47,874 [INFO] ThirdPartyModel:298 - Start build external matchings
2025-04-26 14:31:48,332 [INFO] ThirdPartyModel:316 - End build external matchings
2025-04-26 14:31:48,379 [INFO] ImportTextPane:218 - (OptionalMessage_ERROR) IP (DMA) : Parameter (Instance) has Id (I2S3_EXT_RX) currently not set
2025-04-26 14:31:48,380 [INFO] ImportTextPane:218 - (OptionalMessage_ERROR) IP (DMA) : Parameter (Channel) has Id (I2S3_EXT_RX) currently not set
2025-04-26 14:31:48,380 [INFO] ImportTextPane:218 - (OptionalMessage_ERROR) IP (DMA) : Parameter (Direction) has Id (I2S3_EXT_RX) currently not set
2025-04-26 14:31:48,381 [INFO] ImportTextPane:218 - (OptionalMessage_ERROR) IP (DMA) : Parameter (PeriphInc) has Id (I2S3_EXT_RX) currently not set
2025-04-26 14:31:48,381 [INFO] ImportTextPane:218 - (OptionalMessage_ERROR) IP (DMA) : Parameter (MemInc) has Id (I2S3_EXT_RX) currently not set
2025-04-26 14:31:48,381 [INFO] ImportTextPane:218 - (OptionalMessage_ERROR) IP (DMA) : Parameter (PeriphDataAlignment) has Id (I2S3_EXT_RX) currently not set
2025-04-26 14:31:48,382 [INFO] ImportTextPane:218 - (OptionalMessage_ERROR) IP (DMA) : Parameter (MemDataAlignment) has Id (I2S3_EXT_RX) currently not set
2025-04-26 14:31:48,382 [INFO] ImportTextPane:218 - (OptionalMessage_ERROR) IP (DMA) : Parameter (Mode) has Id (I2S3_EXT_RX) currently not set
2025-04-26 14:31:48,382 [INFO] ImportTextPane:218 - (OptionalMessage_ERROR) IP (DMA) : Parameter (Priority) has Id (I2S3_EXT_RX) currently not set
2025-04-26 14:31:48,382 [INFO] ImportTextPane:218 - (OptionalMessage_ERROR) IP (DMA) : Parameter (FIFOMode) has Id (I2S3_EXT_RX) currently not set
2025-04-26 14:31:48,382 [INFO] ImportTextPane:218 - (OptionalMessage_ERROR) IP (DMA) : Parameter (Instance) has Id (SPI3_TX) currently not set
2025-04-26 14:31:48,382 [INFO] ImportTextPane:218 - (OptionalMessage_ERROR) IP (DMA) : Parameter (Channel) has Id (SPI3_TX) currently not set
2025-04-26 14:31:48,382 [INFO] ImportTextPane:218 - (OptionalMessage_ERROR) IP (DMA) : Parameter (Direction) has Id (SPI3_TX) currently not set
2025-04-26 14:31:48,382 [INFO] ImportTextPane:218 - (OptionalMessage_ERROR) IP (DMA) : Parameter (PeriphInc) has Id (SPI3_TX) currently not set
2025-04-26 14:31:48,382 [INFO] ImportTextPane:218 - (OptionalMessage_ERROR) IP (DMA) : Parameter (MemInc) has Id (SPI3_TX) currently not set
2025-04-26 14:31:48,383 [INFO] ImportTextPane:218 - (OptionalMessage_ERROR) IP (DMA) : Parameter (PeriphDataAlignment) has Id (SPI3_TX) currently not set
2025-04-26 14:31:48,383 [INFO] ImportTextPane:218 - (OptionalMessage_ERROR) IP (DMA) : Parameter (MemDataAlignment) has Id (SPI3_TX) currently not set
2025-04-26 14:31:48,383 [INFO] ImportTextPane:218 - (OptionalMessage_ERROR) IP (DMA) : Parameter (Mode) has Id (SPI3_TX) currently not set
2025-04-26 14:31:48,383 [INFO] ImportTextPane:218 - (OptionalMessage_ERROR) IP (DMA) : Parameter (Priority) has Id (SPI3_TX) currently not set
2025-04-26 14:31:48,383 [INFO] ImportTextPane:218 - (OptionalMessage_ERROR) IP (DMA) : Parameter (FIFOMode) has Id (SPI3_TX) currently not set
2025-04-26 14:31:48,383 [INFO] ImportTextPane:218 - (OptionalMessage_ERROR) IP (DMA) : Parameter (Instance) has Id (ADC1) currently not set
2025-04-26 14:31:48,383 [INFO] ImportTextPane:218 - (OptionalMessage_ERROR) IP (DMA) : Parameter (Channel) has Id (ADC1) currently not set
2025-04-26 14:31:48,383 [INFO] ImportTextPane:218 - (OptionalMessage_ERROR) IP (DMA) : Parameter (Direction) has Id (ADC1) currently not set
2025-04-26 14:31:48,385 [INFO] ImportTextPane:218 - (OptionalMessage_ERROR) IP (DMA) : Parameter (PeriphInc) has Id (ADC1) currently not set
2025-04-26 14:31:48,387 [INFO] ImportTextPane:218 - (OptionalMessage_ERROR) IP (DMA) : Parameter (MemInc) has Id (ADC1) currently not set
2025-04-26 14:31:48,387 [INFO] ImportTextPane:218 - (OptionalMessage_ERROR) IP (DMA) : Parameter (PeriphDataAlignment) has Id (ADC1) currently not set
2025-04-26 14:31:48,387 [INFO] ImportTextPane:218 - (OptionalMessage_ERROR) IP (DMA) : Parameter (MemDataAlignment) has Id (ADC1) currently not set
2025-04-26 14:31:48,387 [INFO] ImportTextPane:218 - (OptionalMessage_ERROR) IP (DMA) : Parameter (Mode) has Id (ADC1) currently not set
2025-04-26 14:31:48,387 [INFO] ImportTextPane:218 - (OptionalMessage_ERROR) IP (DMA) : Parameter (Priority) has Id (ADC1) currently not set
2025-04-26 14:31:48,387 [INFO] ImportTextPane:218 - (OptionalMessage_ERROR) IP (DMA) : Parameter (FIFOMode) has Id (ADC1) currently not set
2025-04-26 14:31:48,395 [INFO] ImportTextPane:218 - (OptionalMessage_ERROR) IP (RCC) : Parameter (RTCHSEDivFreq_Value) has invalid value (8000000)
2025-04-26 14:31:48,687 [INFO] UtilMem:75 - End LoadConfig() Used Memory: 657224648 Bytes (804257792)
2025-04-26 14:31:48,819 [WARN] ThirdParty:833 - waiting for thirdparty lock release [change project]
2025-04-26 14:31:48,829 [INFO] ThirdParty:835 - entering critical section [change project]
2025-04-26 14:31:48,830 [INFO] ThirdParty:1030 - CMSIS Pack Vendor :STMicroelectronics USBPD 4.1
2025-04-26 14:31:48,830 [INFO] ThirdParty:1030 - CMSIS Pack Vendor :STMicroelectronics X-CUBE-AZRTOS-H7 3.3.0
2025-04-26 14:31:48,830 [INFO] ThirdParty:1030 - CMSIS Pack Vendor :STMicroelectronics X-CUBE-NFC9 1.0.0
2025-04-26 14:31:48,830 [INFO] ThirdParty:1030 - CMSIS Pack Vendor :STMicroelectronics USB_HOST 2.0.0
2025-04-26 14:31:48,831 [INFO] ThirdParty:1030 - CMSIS Pack Vendor :STMicroelectronics FP-SNS-MOTENVWB1 1.4.0
2025-04-26 14:31:48,831 [INFO] ThirdParty:1030 - CMSIS Pack Vendor :STMicroelectronics X-CUBE-AZRTOS-F4 1.1.0
2025-04-26 14:31:48,831 [INFO] ThirdParty:1030 - CMSIS Pack Vendor :STMicroelectronics LIBJPEG 8.0.0
2025-04-26 14:31:48,831 [INFO] ThirdParty:1030 - CMSIS Pack Vendor :STMicroelectronics FP-ATR-ASTRA1 2.0.2
2025-04-26 14:31:48,831 [INFO] ThirdParty:1030 - CMSIS Pack Vendor :STMicroelectronics FP-ATR-ASTRA1 2.0.1
2025-04-26 14:31:48,831 [INFO] ThirdParty:1030 - CMSIS Pack Vendor :STMicroelectronics X-CUBE-BLE1 7.1.0
2025-04-26 14:31:48,831 [INFO] ThirdParty:1030 - CMSIS Pack Vendor :Avnet-IotConnect X-CUBE-IoTC-DA16k-PMOD 1.0.0
2025-04-26 14:31:48,831 [INFO] ThirdParty:1030 - CMSIS Pack Vendor :STMicroelectronics X-CUBE-SMBUS 2.1.0
2025-04-26 14:31:48,831 [INFO] ThirdParty:1030 - CMSIS Pack Vendor :STMicroelectronics X-CUBE-WB05N 1.1.0
2025-04-26 14:31:48,831 [INFO] ThirdParty:1030 - CMSIS Pack Vendor :wolfSSL I-CUBE-wolfMQTT 1.19.2
2025-04-26 14:31:48,831 [INFO] ThirdParty:1030 - CMSIS Pack Vendor :STMicroelectronics USB_DEVICE 3.0.0
2025-04-26 14:31:48,831 [INFO] ThirdParty:1030 - CMSIS Pack Vendor :STMicroelectronics X-CUBE-ISPU 2.1.0
2025-04-26 14:31:48,831 [INFO] ThirdParty:1030 - CMSIS Pack Vendor :STMicroelectronics X-CUBE-AZRTOS-WB 2.0.0
2025-04-26 14:31:48,831 [INFO] ThirdParty:1030 - CMSIS Pack Vendor :STMicroelectronics X-CUBE-GNSS1 7.0.1
2025-04-26 14:31:48,831 [INFO] ThirdParty:1030 - CMSIS Pack Vendor :STMicroelectronics X-CUBE-AZRTOS-F7 1.1.0
2025-04-26 14:31:48,831 [INFO] ThirdParty:1030 - CMSIS Pack Vendor :STMicroelectronics X-CUBE-AZRTOS-L5 2.0.0
2025-04-26 14:31:48,831 [INFO] ThirdParty:1030 - CMSIS Pack Vendor :STMicroelectronics X-CUBE-TOUCHGFX 4.25.0
2025-04-26 14:31:48,831 [INFO] ThirdParty:1030 - CMSIS Pack Vendor :STMicroelectronics USB_DEVICE 2.0.0
2025-04-26 14:31:48,831 [INFO] ThirdParty:1030 - CMSIS Pack Vendor :STMicroelectronics X-CUBE-NFC6 3.1.0
2025-04-26 14:31:48,831 [INFO] ThirdParty:1030 - CMSIS Pack Vendor :STMicroelectronics FP-SNS-STBOX1 2.0.0
2025-04-26 14:31:48,831 [INFO] ThirdParty:1030 - CMSIS Pack Vendor :STMicroelectronics X-CUBE-MEMS1 11.2.0
2025-04-26 14:31:48,831 [INFO] ThirdParty:1030 - CMSIS Pack Vendor :STMicroelectronics FreeRTOS 0.0.1
2025-04-26 14:31:48,831 [INFO] ThirdParty:1030 - CMSIS Pack Vendor :STMicroelectronics X-CUBE-AZRTOS-G0 1.1.0
2025-04-26 14:31:48,831 [INFO] ThirdParty:1030 - CMSIS Pack Vendor :STMicroelectronics X-CUBE-SAFEA1 1.2.2
2025-04-26 14:31:48,831 [INFO] ThirdParty:1030 - CMSIS Pack Vendor :STMicroelectronics X-CUBE-NFC4 3.0.0
2025-04-26 14:31:48,831 [INFO] ThirdParty:1030 - CMSIS Pack Vendor :STMicroelectronics X-CUBE-DPower 1.2.0
2025-04-26 14:31:48,831 [INFO] ThirdParty:1030 - CMSIS Pack Vendor :STMicroelectronics X-CUBE-SUBG2 5.0.0
2025-04-26 14:31:48,831 [INFO] ThirdParty:1030 - CMSIS Pack Vendor :STMicroelectronics X-CUBE-AZRTOS-H7RS 1.1.0
2025-04-26 14:31:48,831 [INFO] ThirdParty:1030 - CMSIS Pack Vendor :STMicroelectronics STM32_WPAN 1.0.0
2025-04-26 14:31:48,831 [INFO] ThirdParty:1030 - CMSIS Pack Vendor :EmbeddedOffice I-CUBE-FS-RTOS 1.0.1
2025-04-26 14:31:48,831 [INFO] ThirdParty:1030 - CMSIS Pack Vendor :STMicroelectronics lwIP 2.0.3
2025-04-26 14:31:48,831 [INFO] ThirdParty:1030 - CMSIS Pack Vendor :STMicroelectronics FP-SNS-FLIGHT1 5.0.2
2025-04-26 14:31:48,831 [INFO] ThirdParty:1030 - CMSIS Pack Vendor :Cesanta I-CUBE-Mongoose 7.13.0
2025-04-26 14:31:48,831 [INFO] ThirdParty:1030 - CMSIS Pack Vendor :STMicroelectronics USB_HOST 1.0.0
2025-04-26 14:31:48,831 [INFO] ThirdParty:1030 - CMSIS Pack Vendor :Infineon AIROC-Wi-Fi-Bluetooth-STM32 1.7.0
2025-04-26 14:31:48,831 [INFO] ThirdParty:1030 - CMSIS Pack Vendor :STMicroelectronics X-CUBE-AZRTOS-G4 2.0.0
2025-04-26 14:31:48,832 [INFO] ThirdParty:1030 - CMSIS Pack Vendor :STMicroelectronics X-CUBE-WB05N 2.0.0
2025-04-26 14:31:48,832 [INFO] ThirdParty:1030 - CMSIS Pack Vendor :STMicroelectronics PDM2PCM 3.1.0
2025-04-26 14:31:48,832 [INFO] ThirdParty:1030 - CMSIS Pack Vendor :STMicroelectronics PDM2PCM 3.3.0
2025-04-26 14:31:48,832 [INFO] ThirdParty:1030 - CMSIS Pack Vendor :wolfSSL I-CUBE-wolfTPM 3.8.0
2025-04-26 14:31:48,832 [INFO] ThirdParty:1030 - CMSIS Pack Vendor :STMicroelectronics X-CUBE-DISPLAY 3.0.0
2025-04-26 14:31:48,832 [INFO] ThirdParty:1030 - CMSIS Pack Vendor :wolfSSL I-CUBE-wolfSSH 1.4.20
2025-04-26 14:31:48,832 [INFO] ThirdParty:1030 - CMSIS Pack Vendor :STMicroelectronics X-CUBE-TCPP 4.2.0
2025-04-26 14:31:48,832 [INFO] ThirdParty:1030 - CMSIS Pack Vendor :RealThread X-CUBE-RT-Thread_Nano 4.1.1
2025-04-26 14:31:48,832 [INFO] ThirdParty:1030 - CMSIS Pack Vendor :STMicroelectronics X-CUBE-BLE1 7.0.0
2025-04-26 14:31:48,832 [INFO] ThirdParty:1030 - CMSIS Pack Vendor :STMicroelectronics FP-ATR-SIGFOX1 3.2.0
2025-04-26 14:31:48,832 [INFO] ThirdParty:1030 - CMSIS Pack Vendor :STMicroelectronics X-CUBE-NFC10 1.0.0
2025-04-26 14:31:48,832 [INFO] ThirdParty:1030 - CMSIS Pack Vendor :quantropi X-CUBE-qispace-sdk-base 1.9.3
2025-04-26 14:31:48,832 [INFO] ThirdParty:1030 - CMSIS Pack Vendor :STMicroelectronics X-CUBE-BLEMGR 4.0.0
2025-04-26 14:31:48,832 [INFO] ThirdParty:1030 - CMSIS Pack Vendor :STMicroelectronics X-CUBE-EEPRMA1 5.1.0
2025-04-26 14:31:48,832 [INFO] ThirdParty:1030 - CMSIS Pack Vendor :STMicroelectronics HAL Drivers 0.0.0
2025-04-26 14:31:48,833 [INFO] ThirdParty:1030 - CMSIS Pack Vendor :STMicroelectronics MBEDTLS 2.16.2
2025-04-26 14:31:48,833 [INFO] ThirdParty:1030 - CMSIS Pack Vendor :STMicroelectronics X-CUBE-IPS 3.1.0
2025-04-26 14:31:48,833 [INFO] ThirdParty:1030 - CMSIS Pack Vendor :STMicroelectronics X-CUBE-ALS 1.0.2
2025-04-26 14:31:48,833 [INFO] ThirdParty:1030 - CMSIS Pack Vendor :emotas I-CUBE-CANOPEN 1.3.0
2025-04-26 14:31:48,833 [INFO] ThirdParty:1030 - CMSIS Pack Vendor :STMicroelectronics X-CUBE-FREERTOS 1.3.0
2025-04-26 14:31:48,833 [INFO] ThirdParty:1030 - CMSIS Pack Vendor :STMicroelectronics X-CUBE-NFC7 1.0.1
2025-04-26 14:31:48,833 [INFO] ThirdParty:1030 - CMSIS Pack Vendor :STMicroelectronics MBEDTLS 2.14.1
2025-04-26 14:31:48,833 [INFO] ThirdParty:1030 - CMSIS Pack Vendor :wolfSSL I-CUBE-wolfSSL 5.7.6
2025-04-26 14:31:48,833 [INFO] ThirdParty:1030 - CMSIS Pack Vendor :ITTIA_DB I-CUBE-ITTIADB 8.9.0
2025-04-26 14:31:48,833 [INFO] ThirdParty:1030 - CMSIS Pack Vendor :STMicroelectronics X-CUBE-TOUCHGFX 4.24.2
2025-04-26 14:31:48,833 [INFO] ThirdParty:1030 - CMSIS Pack Vendor :portGmbH I-Cube-SoM-uGOAL 1.1.0
2025-04-26 14:31:48,833 [INFO] ThirdParty:1030 - CMSIS Pack Vendor :STMicroelectronics X-CUBE-AI 10.0.0
2025-04-26 14:31:48,833 [INFO] ThirdParty:1030 - CMSIS Pack Vendor :STMicroelectronics ThreadX 1.0.0
2025-04-26 14:31:48,833 [INFO] ThirdParty:1030 - CMSIS Pack Vendor :STMicroelectronics FP-SNS-SMARTAG2 1.2.0
2025-04-26 14:31:48,833 [INFO] ThirdParty:1030 - CMSIS Pack Vendor :STMicroelectronics FP-SNS-FLIGHT1 5.1.0
2025-04-26 14:31:48,833 [INFO] ThirdParty:1030 - CMSIS Pack Vendor :STMicroelectronics X-CUBE-MEMS1 11.1.0
2025-04-26 14:31:48,833 [INFO] ThirdParty:1030 - CMSIS Pack Vendor :STMicroelectronics X-CUBE-AZRTOS-WL 2.0.0
2025-04-26 14:31:48,833 [INFO] ThirdParty:1030 - CMSIS Pack Vendor :SEGGER I-CUBE-embOS 1.3.1
2025-04-26 14:31:48,833 [INFO] ThirdParty:1030 - CMSIS Pack Vendor :STMicroelectronics X-CUBE-ALGOBUILD 1.4.0
2025-04-26 14:31:48,833 [INFO] ThirdParty:1030 - CMSIS Pack Vendor :STMicroelectronics X-CUBE-DPower 1.3.0
2025-04-26 14:31:48,833 [INFO] ThirdParty:1030 - CMSIS Pack Vendor :STMicroelectronics FP-SNS-MOTENV1 5.0.0
2025-04-26 14:31:48,833 [INFO] ThirdParty:1030 - CMSIS Pack Vendor :STMicroelectronics USB_DEVICE 1.0.0
2025-04-26 14:31:48,833 [INFO] ThirdParty:1030 - CMSIS Pack Vendor :STMicroelectronics X-CUBE-AZRTOS-H7RS 1.0.0
2025-04-26 14:31:48,833 [INFO] ThirdParty:1030 - CMSIS Pack Vendor :STMicroelectronics X-CUBE-AZRTOS-L4 2.0.0
2025-04-26 14:31:48,833 [INFO] ThirdParty:1030 - CMSIS Pack Vendor :STMicroelectronics ThreadX 0.0.2
2025-04-26 14:31:48,833 [INFO] ThirdParty:1030 - CMSIS Pack Vendor :WES I-CUBE-Cesium 1.3.0
2025-04-26 14:31:48,833 [INFO] ThirdParty:1030 - CMSIS Pack Vendor :STMicroelectronics lwIP 2.1.2
2025-04-26 14:31:48,833 [INFO] ThirdParty:1030 - CMSIS Pack Vendor :STMicroelectronics X-CUBE-SFXS2LP1 4.0.0
2025-04-26 14:31:48,833 [INFO] ThirdParty:1030 - CMSIS Pack Vendor :STMicroelectronics X-CUBE-BLE2 3.3.0
2025-04-26 14:31:48,833 [INFO] ThirdParty:1030 - CMSIS Pack Vendor :STMicroelectronics X-CUBE-TOF1 3.4.2
2025-04-26 14:31:48,834 [INFO] ThirdParty:1030 - CMSIS Pack Vendor :STMicroelectronics X-CUBE-TOF1 3.4.3
2025-04-26 14:31:48,834 [INFO] ThirdParty:1030 - CMSIS Pack Vendor :STMicroelectronics PDM2PCM 3.2.0
2025-04-26 14:31:48,836 [INFO] ThirdParty:841 - exiting critical section [change project]
2025-04-26 14:31:49,929 [INFO] PinOutPanel:1589 - setPackage(No Configuration,No Configuration)
2025-04-26 14:31:49,937 [INFO] PinOutPanel:1589 - setPackage(STM32F407VGTx,LQFP100)
2025-04-26 14:31:51,139 [INFO] UtilMem:75 - Before build in PCC Used Memory: 389878856 Bytes (804257792)
2025-04-26 14:31:52,128 [INFO] UtilMem:75 - After build in PCC Used Memory: 436016200 Bytes (804257792)
2025-04-26 14:31:52,211 [INFO] IPUIPlugin:80 - create IPUIPlugin
2025-04-26 14:31:52,212 [INFO] IPUIPlugin:80 - create IPUIPlugin
2025-04-26 14:31:52,212 [INFO] IPUIPlugin:80 - create IPUIPlugin
2025-04-26 14:31:52,213 [INFO] IPUIPlugin:80 - create IPUIPlugin
2025-04-26 14:31:52,213 [INFO] IPUIPlugin:80 - create IPUIPlugin
2025-04-26 14:31:52,213 [INFO] IPUIPlugin:80 - create IPUIPlugin
2025-04-26 14:31:52,214 [INFO] IPUIPlugin:80 - create IPUIPlugin
2025-04-26 14:31:52,214 [INFO] IPUIPlugin:80 - create IPUIPlugin
2025-04-26 14:31:52,214 [INFO] IPUIPlugin:80 - create IPUIPlugin
2025-04-26 14:31:52,214 [INFO] IPUIPlugin:80 - create IPUIPlugin
2025-04-26 14:31:52,214 [INFO] IPUIPlugin:80 - create IPUIPlugin
2025-04-26 14:31:52,214 [INFO] IPUIPlugin:80 - create IPUIPlugin
2025-04-26 14:31:52,215 [INFO] IPUIPlugin:80 - create IPUIPlugin
2025-04-26 14:31:52,216 [INFO] IPUIPlugin:80 - create IPUIPlugin
2025-04-26 14:31:52,216 [INFO] IPUIPlugin:80 - create IPUIPlugin
2025-04-26 14:31:52,216 [INFO] IPUIPlugin:80 - create IPUIPlugin
2025-04-26 14:31:52,216 [INFO] IPUIPlugin:80 - create IPUIPlugin
2025-04-26 14:31:52,216 [INFO] IPUIPlugin:80 - create IPUIPlugin
2025-04-26 14:31:52,217 [INFO] IPUIPlugin:80 - create IPUIPlugin
2025-04-26 14:31:52,217 [INFO] IPUIPlugin:80 - create IPUIPlugin
2025-04-26 14:31:52,217 [INFO] IPUIPlugin:80 - create IPUIPlugin
2025-04-26 14:31:52,218 [INFO] IPUIPlugin:80 - create IPUIPlugin
2025-04-26 14:31:52,218 [INFO] IPUIPlugin:80 - create IPUIPlugin
2025-04-26 14:31:52,218 [INFO] IPUIPlugin:80 - create IPUIPlugin
2025-04-26 14:31:52,218 [INFO] IPUIPlugin:80 - create IPUIPlugin
2025-04-26 14:31:52,219 [INFO] IPUIPlugin:80 - create IPUIPlugin
2025-04-26 14:31:52,219 [INFO] IPUIPlugin:80 - create IPUIPlugin
2025-04-26 14:31:52,219 [INFO] IPUIPlugin:80 - create IPUIPlugin
2025-04-26 14:31:52,219 [INFO] IPUIPlugin:80 - create IPUIPlugin
2025-04-26 14:31:52,219 [INFO] IPUIPlugin:80 - create IPUIPlugin
2025-04-26 14:31:52,220 [INFO] IPUIPlugin:80 - create IPUIPlugin
2025-04-26 14:31:52,220 [INFO] IPUIPlugin:80 - create IPUIPlugin
2025-04-26 14:31:52,220 [INFO] IPUIPlugin:80 - create IPUIPlugin
2025-04-26 14:31:52,220 [INFO] IPUIPlugin:80 - create IPUIPlugin
2025-04-26 14:31:52,220 [INFO] IPUIPlugin:80 - create IPUIPlugin
2025-04-26 14:31:52,220 [INFO] IPUIPlugin:80 - create IPUIPlugin
2025-04-26 14:31:52,220 [INFO] IPUIPlugin:80 - create IPUIPlugin
2025-04-26 14:31:52,220 [INFO] IPUIPlugin:80 - create IPUIPlugin
2025-04-26 14:31:52,220 [INFO] IPUIPlugin:80 - create IPUIPlugin
2025-04-26 14:31:52,221 [INFO] IPUIPlugin:80 - create IPUIPlugin
2025-04-26 14:31:52,221 [INFO] IPUIPlugin:80 - create IPUIPlugin
2025-04-26 14:31:52,221 [INFO] IPUIPlugin:80 - create IPUIPlugin
2025-04-26 14:31:52,221 [INFO] IPUIPlugin:80 - create IPUIPlugin
2025-04-26 14:31:52,221 [INFO] IPUIPlugin:80 - create IPUIPlugin
2025-04-26 14:31:52,221 [INFO] IPUIPlugin:80 - create IPUIPlugin
2025-04-26 14:31:52,221 [INFO] IPUIPlugin:80 - create IPUIPlugin
2025-04-26 14:31:52,221 [INFO] IPUIPlugin:80 - create IPUIPlugin
2025-04-26 14:31:52,221 [INFO] IPUIPlugin:80 - create IPUIPlugin
2025-04-26 14:31:52,222 [INFO] IPUIPlugin:80 - create IPUIPlugin
2025-04-26 14:31:52,222 [INFO] IPUIPlugin:80 - create IPUIPlugin
2025-04-26 14:31:52,222 [INFO] IPUIPlugin:80 - create IPUIPlugin
2025-04-26 14:31:52,222 [INFO] IPUIPlugin:80 - create IPUIPlugin
2025-04-26 14:31:52,222 [INFO] IPUIPlugin:80 - create IPUIPlugin
2025-04-26 14:31:52,223 [INFO] IPUIPlugin:80 - create IPUIPlugin
2025-04-26 14:31:52,223 [INFO] IPUIPlugin:80 - create IPUIPlugin
2025-04-26 14:31:52,224 [INFO] IPUIPlugin:80 - create IPUIPlugin
2025-04-26 14:31:52,224 [INFO] IPUIPlugin:80 - create IPUIPlugin
2025-04-26 14:31:52,224 [INFO] IPUIPlugin:80 - create IPUIPlugin
2025-04-26 14:31:52,259 [INFO] ApiDbMcu:508 - Load IP Config File for PDM2PCM
2025-04-26 14:31:52,266 [WARN] IP:2250 - I2C_Coeff_DF not found: check if there is a RefParameter without a condition.
2025-04-26 14:31:52,266 [WARN] IP:2250 - Analog_Filter not found: check if there is a RefParameter without a condition.
2025-04-26 14:31:52,281 [INFO] I2sManager:658 - 5.0E7
2025-04-26 14:31:52,282 [INFO] I2sManager:195 - I2S Clock Value : 5.0E7
2025-04-26 14:31:52,282 [INFO] I2sManager:553 - AudioClock : 47348Divider : 16Odd : 1
2025-04-26 14:31:52,411 [INFO] CADModel:165 - CPN selected for project levelSTM32F407VGT6
2025-04-26 14:31:52,412 [INFO] CADModel:114 - Register for checkConnection events
2025-04-26 14:31:52,468 [INFO] OpenFileManager:385 - Restore cursor
2025-04-26 14:31:52,913 [WARN] IP:2250 - I2C_Coeff_DF not found: check if there is a RefParameter without a condition.
2025-04-26 14:31:52,913 [WARN] IP:2250 - Analog_Filter not found: check if there is a RefParameter without a condition.
2025-04-26 14:31:52,914 [WARN] IP:2250 - I2C_Coeff_DF not found: check if there is a RefParameter without a condition.
2025-04-26 14:31:52,914 [WARN] IP:2250 - Analog_Filter not found: check if there is a RefParameter without a condition.
2025-04-26 14:32:09,591 [INFO] ADCParametersView:116 -                Rank 1 : false
2025-04-26 14:32:09,821 [INFO] ADCParametersView:116 -                Rank 1 : false
2025-04-26 14:32:09,824 [INFO] ADCParametersView:116 -                Rank 1 : false
2025-04-26 14:32:09,825 [INFO] ADCParametersView:116 -                Rank 1 : false
2025-04-26 14:32:09,825 [INFO] ADCParametersView:116 -                Rank 1 : false
2025-04-26 14:32:09,825 [INFO] ADCParametersView:116 -                Rank 1 : false
2025-04-26 14:32:09,825 [INFO] ADCParametersView:116 -                Rank 1 : false
2025-04-26 14:32:09,826 [INFO] ADCParametersView:116 -                Rank 1 : false
2025-04-26 14:32:09,826 [INFO] ADCParametersView:116 -                Rank 1 : false
2025-04-26 14:32:09,826 [INFO] ADCParametersView:116 -                Rank 1 : false
2025-04-26 14:32:09,828 [INFO] ADCParametersView:116 -                Rank 1 : false
2025-04-26 14:32:09,829 [INFO] ADCParametersView:116 -                Rank 1 : false
2025-04-26 14:32:09,830 [INFO] ADCParametersView:116 -                Rank 1 : false
2025-04-26 14:32:09,830 [INFO] ADCParametersView:116 -                Rank 1 : false
2025-04-26 14:32:09,830 [INFO] ADCParametersView:116 -                Rank 1 : false
2025-04-26 14:32:09,875 [INFO] ADCParametersView:116 -                Rank 1 : false
2025-04-26 14:32:20,683 [INFO] NvicIntPanel:101 - NVIC parent = com.st.microxplorer.plugins.ip.nvic.MultiNvicIntPanel[,0,0,502x334,layout=javax.swing.BoxLayout,alignmentX=0.0,alignmentY=0.0,border=,flags=9,maximumSize=,minimumSize=,preferredSize=]
2025-04-26 14:32:24,726 [INFO] ADCParametersView:116 -                Rank 1 : false
2025-04-26 14:32:24,729 [INFO] ADCParametersView:116 -                Rank 1 : false
2025-04-26 14:32:24,729 [INFO] ADCParametersView:116 -                Rank 1 : false
2025-04-26 14:32:24,729 [INFO] ADCParametersView:116 -                Rank 1 : false
2025-04-26 14:32:24,730 [INFO] ADCParametersView:116 -                Rank 1 : false
2025-04-26 14:32:24,730 [INFO] ADCParametersView:116 -                Rank 1 : false
2025-04-26 14:32:24,730 [INFO] ADCParametersView:116 -                Rank 1 : false
2025-04-26 14:32:24,730 [INFO] ADCParametersView:116 -                Rank 1 : false
2025-04-26 14:32:24,730 [INFO] ADCParametersView:116 -                Rank 1 : false
2025-04-26 14:32:24,730 [INFO] ADCParametersView:116 -                Rank 1 : false
2025-04-26 14:32:24,731 [INFO] ADCParametersView:116 -                Rank 1 : false
2025-04-26 14:32:24,731 [INFO] ADCParametersView:116 -                Rank 1 : false
2025-04-26 14:32:24,732 [INFO] ADCParametersView:116 -                Rank 1 : false
2025-04-26 14:32:24,732 [INFO] ADCParametersView:116 -                Rank 1 : false
2025-04-26 14:32:24,773 [INFO] ADCParametersView:116 -                Rank 1 : false
